<?xml version="1.0" encoding="UTF-8"?>
<!-- Generated by org.testng.reporters.JUnitReportReporter -->
<testsuite hostname="LAPTOP-IN3DC1TH" failures="0" tests="12" name="testrunner.TestNGrTestRunner" time="3.226" errors="12" timestamp="2024-06-21T22:34:23 IST" skipped="0">
  <testcase classname="testrunner.TestNGrTestRunner" name="runScenario" time="0.011">
    <error message="Cannot invoke &quot;org.openqa.selenium.WebDriver.findElement(org.openqa.selenium.By)&quot; because &quot;this.driver&quot; is null" type="java.lang.NullPointerException">
      <![CDATA[java.lang.NullPointerException: Cannot invoke "org.openqa.selenium.WebDriver.findElement(org.openqa.selenium.By)" because "this.driver" is null
at pageobjects.Recoveryemaildetails.landedtorecoverypage(Recoveryemaildetails.java:21)
at stepdefinitions.Recoveryemaildetailsstep.user_on_recovery_page(Recoveryemaildetailsstep.java:20)
at ✽.user on recovery page(file:///C:/Users/Ajay%20Singh/eclipse-workspace/gmailsignup/src/test/java/featurefiles/recovery%20email%20details.feature:7)
]]>
    </error>
  </testcase> <!-- runScenario -->
  <testcase classname="testrunner.TestNGrTestRunner" name="runScenario" time="0.020">
    <error message="Cannot invoke &quot;org.openqa.selenium.WebDriver.findElement(org.openqa.selenium.By)&quot; because &quot;this.driver&quot; is null" type="java.lang.NullPointerException">
      <![CDATA[java.lang.NullPointerException: Cannot invoke "org.openqa.selenium.WebDriver.findElement(org.openqa.selenium.By)" because "this.driver" is null
at pageobjects.Selectingtypeofuser.clickdropdown(Selectingtypeofuser.java:22)
at stepdefinitions.Selectingtypeofuse.click_on_dropdown_button(Selectingtypeofuse.java:23)
at ✽.click on dropdown button(file:///C:/Users/Ajay%20Singh/eclipse-workspace/gmailsignup/src/test/java/featurefiles/Selecting%20type%20of%20use.feature:7)
]]>
    </error>
  </testcase> <!-- runScenario -->
  <testcase classname="testrunner.TestNGrTestRunner" name="runScenario" time="0.011">
    <error message="Cannot invoke &quot;org.openqa.selenium.WebDriver.findElement(org.openqa.selenium.By)&quot; because &quot;this.driver&quot; is null" type="java.lang.NullPointerException">
      <![CDATA[java.lang.NullPointerException: Cannot invoke "org.openqa.selenium.WebDriver.findElement(org.openqa.selenium.By)" because "this.driver" is null
at pageobjects.Phonenumberverify.verifyoncodepage(Phonenumberverify.java:55)
at stepdefinitions.Phonenumberverification.user_on_verification_page(Phonenumberverification.java:52)
at ✽.user on verification page(file:///C:/Users/Ajay%20Singh/eclipse-workspace/gmailsignup/src/test/java/featurefiles/phone%20number%20verification.feature:13)
]]>
    </error>
  </testcase> <!-- runScenario -->
  <testcase classname="testrunner.TestNGrTestRunner" name="runScenario" time="0.011">
    <error message="Cannot invoke &quot;org.openqa.selenium.WebDriver.findElement(org.openqa.selenium.By)&quot; because &quot;this.driver&quot; is null" type="java.lang.NullPointerException">
      <![CDATA[java.lang.NullPointerException: Cannot invoke "org.openqa.selenium.WebDriver.findElement(org.openqa.selenium.By)" because "this.driver" is null
at pageobjects.Personalinformation.checkinguserinaccountpage(Personalinformation.java:30)
at stepdefinitions.Personalinformationfill.user_on_accounts_page(Personalinformationfill.java:24)
at ✽.user on accounts page(file:///C:/Users/Ajay%20Singh/eclipse-workspace/gmailsignup/src/test/java/featurefiles/personal%20information%20fill.feature:8)
]]>
    </error>
  </testcase> <!-- runScenario -->
  <testcase classname="testrunner.TestNGrTestRunner" name="runScenario" time="0.008">
    <error message="Cannot invoke &quot;org.openqa.selenium.WebDriver.findElement(org.openqa.selenium.By)&quot; because &quot;this.driver&quot; is null" type="java.lang.NullPointerException">
      <![CDATA[java.lang.NullPointerException: Cannot invoke "org.openqa.selenium.WebDriver.findElement(org.openqa.selenium.By)" because "this.driver" is null
at pageobjects.Usernameandpassword.usernamepage(Usernameandpassword.java:25)
at stepdefinitions.Usernameandpasswordsetup.user_on_how_you_will_sign_in_page(Usernameandpasswordsetup.java:23)
at ✽.user on how you will sign in page(file:///C:/Users/Ajay%20Singh/eclipse-workspace/gmailsignup/src/test/java/featurefiles/username%20and%20password%20setup.feature:6)
]]>
    </error>
  </testcase> <!-- runScenario -->
  <testcase classname="testrunner.TestNGrTestRunner" name="runScenario" time="2.312">
    <error message="Cannot invoke &quot;pageobjects.Clickongmail.searchgoogle()&quot; because &quot;givenurl&quot; is null" type="java.lang.NullPointerException">
      <![CDATA[java.lang.NullPointerException: Cannot invoke "pageobjects.Clickongmail.searchgoogle()" because "givenurl" is null
at stepdefinitions.Navigatetogoogleandclikgmail.google_url_hits_on_url_search(Navigatetogoogleandclikgmail.java:35)
at ✽.Google url hits on url search(file:///C:/Users/Ajay%20Singh/eclipse-workspace/gmailsignup/src/test/java/featurefiles/Navigatetogoogleandclikgmail.feature:9)
]]>
    </error>
  </testcase> <!-- runScenario -->
  <testcase classname="testrunner.TestNGrTestRunner" name="runScenario" time="0.009">
    <error message="Cannot invoke &quot;org.openqa.selenium.WebDriver.findElement(org.openqa.selenium.By)&quot; because &quot;this.driver&quot; is null" type="java.lang.NullPointerException">
      <![CDATA[java.lang.NullPointerException: Cannot invoke "org.openqa.selenium.WebDriver.findElement(org.openqa.selenium.By)" because "this.driver" is null
at pageobjects.Finalreviewofpersonaldetails.useronreviewpage(Finalreviewofpersonaldetails.java:23)
at stepdefinitions.Finalreviewofpersonaldetailsstep.user_on_review_page(Finalreviewofpersonaldetailsstep.java:20)
at ✽.user on review page(file:///C:/Users/Ajay%20Singh/eclipse-workspace/gmailsignup/src/test/java/featurefiles/final%20review%20of%20personal%20details.feature:8)
]]>
    </error>
  </testcase> <!-- runScenario -->
  <testcase classname="testrunner.TestNGrTestRunner" name="runScenario" time="0.011">
    <error message="Cannot invoke &quot;org.openqa.selenium.WebDriver.findElement(org.openqa.selenium.By)&quot; because &quot;this.driver&quot; is null" type="java.lang.NullPointerException">
      <![CDATA[java.lang.NullPointerException: Cannot invoke "org.openqa.selenium.WebDriver.findElement(org.openqa.selenium.By)" because "this.driver" is null
at pageobjects.Phonenumberverify.useronphoneverification(Phonenumberverify.java:26)
at stepdefinitions.Phonenumberverification.user_on_confirm_you_are_not_a_robot_page(Phonenumberverification.java:23)
at ✽.user on confirm you are not a robot page(file:///C:/Users/Ajay%20Singh/eclipse-workspace/gmailsignup/src/test/java/featurefiles/phone%20number%20verification.feature:6)
]]>
    </error>
  </testcase> <!-- runScenario -->
  <testcase classname="testrunner.TestNGrTestRunner" name="runScenario" time="0.791">
    <error message="Cannot invoke &quot;org.openqa.selenium.JavascriptExecutor.executeScript(String, Object[])&quot; because &quot;js&quot; is null" type="java.lang.NullPointerException">
      <![CDATA[java.lang.NullPointerException: Cannot invoke "org.openqa.selenium.JavascriptExecutor.executeScript(String, Object[])" because "js" is null
at pageobjects.Privacyagreement.scrolldown(Privacyagreement.java:38)
at stepdefinitions.Privacyagreementstep.scrolls_down_to_end_page(Privacyagreementstep.java:28)
at ✽.scrolls down to end page(file:///C:/Users/Ajay%20Singh/eclipse-workspace/gmailsignup/src/test/java/featurefiles/Privacy%20agreement.feature:9)
]]>
    </error>
  </testcase> <!-- runScenario -->
  <testcase classname="testrunner.TestNGrTestRunner" name="runScenario" time="0.010">
    <error message="Cannot invoke &quot;org.openqa.selenium.WebDriver.findElement(org.openqa.selenium.By)&quot; because &quot;this.driver&quot; is null" type="java.lang.NullPointerException">
      <![CDATA[java.lang.NullPointerException: Cannot invoke "org.openqa.selenium.WebDriver.findElement(org.openqa.selenium.By)" because "this.driver" is null
at pageobjects.Personalinformation.fillingdobdetailsmonth(Personalinformation.java:57)
at stepdefinitions.Personalinformationfill.user_on_basic_infromation_page(Personalinformationfill.java:47)
at ✽.user on basic infromation page(file:///C:/Users/Ajay%20Singh/eclipse-workspace/gmailsignup/src/test/java/featurefiles/personal%20information%20fill.feature:14)
]]>
    </error>
  </testcase> <!-- runScenario -->
  <testcase classname="testrunner.TestNGrTestRunner" name="runScenario" time="0.008">
    <error message="Cannot invoke &quot;org.openqa.selenium.WebDriver.findElement(org.openqa.selenium.By)&quot; because &quot;this.driver&quot; is null" type="java.lang.NullPointerException">
      <![CDATA[java.lang.NullPointerException: Cannot invoke "org.openqa.selenium.WebDriver.findElement(org.openqa.selenium.By)" because "this.driver" is null
at pageobjects.Usernameandpassword.verifyonpasswordpage(Usernameandpassword.java:47)
at stepdefinitions.Usernameandpasswordsetup.user_on_create_a_strong_password_page(Usernameandpasswordsetup.java:45)
at ✽.user on create a strong password page(file:///C:/Users/Ajay%20Singh/eclipse-workspace/gmailsignup/src/test/java/featurefiles/username%20and%20password%20setup.feature:12)
]]>
    </error>
  </testcase> <!-- runScenario -->
  <testcase classname="testrunner.TestNGrTestRunner" name="runScenario" time="0.024">
    <error message="Cannot invoke &quot;org.openqa.selenium.WebDriver.findElement(org.openqa.selenium.By)&quot; because &quot;this.driver&quot; is null" type="java.lang.NullPointerException">
      <![CDATA[java.lang.NullPointerException: Cannot invoke "org.openqa.selenium.WebDriver.findElement(org.openqa.selenium.By)" because "this.driver" is null
at pageobjects.Clickongmail.clickgmailbutton(Clickongmail.java:22)
at stepdefinitions.Navigatetogoogleandclikgmail.user_click_on_gmail_link(Navigatetogoogleandclikgmail.java:56)
at ✽.user click on gmail link(file:///C:/Users/Ajay%20Singh/eclipse-workspace/gmailsignup/src/test/java/featurefiles/Navigatetogoogleandclikgmail.feature:15)
]]>
    </error>
  </testcase> <!-- runScenario -->
</testsuite> <!-- testrunner.TestNGrTestRunner -->
